<?xml version="1.0" encoding="UTF-8"?>
<!-- Generated by org.testng.reporters.JUnitReportReporter -->
<testsuite name="com.acc.tests.TestNgWithPom" tests="1" time="29.046" ignored="0" failures="0" timestamp="14 Apr 2017 12:03:04 GMT" skipped="0" hostname="BDC7-L-4HKNLC2" errors="0">
  <testcase name="loginAndVerifyTitle" time="29.046" classname="com.acc.tests.TestNgWithPom"/>
</testsuite> <!-- com.acc.tests.TestNgWithPom -->
