<?xml version="1.0" encoding="UTF-8"?>
<!-- Generated by org.testng.reporters.JUnitReportReporter -->
<testsuite skipped="0" hostname="PTBLR-1124-PC" name="pack1.Test1" tests="1" failures="0" timestamp="24 Jul 2017 11:02:38 GMT" time="36.517" errors="0">
  <testcase name="test" time="36.517" classname="pack1.Test1"/>
</testsuite> <!-- pack1.Test1 -->
