<?xml version="1.0" encoding="UTF-8"?>
<!-- Generated by org.testng.reporters.JUnitReportReporter -->
<testsuite skipped="0" hostname="PTBLR-1124-PC" name="SampleTestcases.TestCase1" tests="2" failures="0" timestamp="25 Jul 2017 07:59:07 GMT" time="16.171" errors="0">
  <testcase name="test1" time="6.077" classname="SampleTestcases.TestCase1"/>
  <testcase name="test1" time="10.094" classname="SampleTestcases.TestCase1"/>
</testsuite> <!-- SampleTestcases.TestCase1 -->
